
======================================================================
  Section 7.5 — Noise Robustness (Table 4)
======================================================================

Loading 'covertype'...
  Fetching Covertype from sklearn (may download ~11MB)...
  Subsampled to 50,000 rows  (54 features, 7 classes)
  X_train: (40000, 54)  y_train: (40000,)
  X_test:  (10000, 54)   y_test:  (10000,)
  Classes: [1, 2, 3, 4, 5, 6, 7]
  Establishing noiseless grid-search reference...
  Reference k* = 700  acc = 0.8651
  σ=0.000  seed=42  k̂=  133  success=True  evals=18
  σ=0.000  seed=43  k̂=  225  success=True  evals=18
  σ=0.000  seed=44  k̂=  472  success=True  evals=18
  σ=0.000  seed=45  k̂=  210  success=True  evals=18
  σ=0.000  seed=46  k̂=  147  success=True  evals=18
  σ=0.000  seed=47  k̂=  439  success=True  evals=18
  σ=0.000  seed=48  k̂=  320  success=True  evals=17
  σ=0.000  seed=49  k̂=  171  success=True  evals=18
  σ=0.000  seed=50  k̂=  295  success=True  evals=18
  σ=0.000  seed=51  k̂=  450  success=True  evals=18
  σ=0.010  seed=42  k̂= 1000  success=True  evals=18
  σ=0.010  seed=43  k̂=  814  success=True  evals=18
  σ=0.010  seed=44  k̂=  934  success=True  evals=18
  σ=0.010  seed=45  k̂=  982  success=True  evals=17
  σ=0.010  seed=46  k̂=  921  success=True  evals=18
  σ=0.010  seed=47  k̂=  640  success=False  evals=16
  σ=0.010  seed=48  k̂=  437  success=True  evals=15
  σ=0.010  seed=49  k̂=  862  success=True  evals=17
  σ=0.010  seed=50  k̂=  620  success=True  evals=16
  σ=0.010  seed=51  k̂=  997  success=True  evals=17
  σ=0.020  seed=42  k̂=  537  success=True  evals=15
  σ=0.020  seed=43  k̂=  814  success=True  evals=18
  σ=0.020  seed=44  k̂=  934  success=True  evals=18
  σ=0.020  seed=45  k̂= 1000  success=False  evals=17
  σ=0.020  seed=46  k̂=  968  success=True  evals=18
  σ=0.020  seed=47  k̂=  640  success=False  evals=16
  σ=0.020  seed=48  k̂=  437  success=True  evals=15
  σ=0.020  seed=49  k̂=  623  success=True  evals=15
  σ=0.020  seed=50  k̂=  629  success=True  evals=16
  σ=0.020  seed=51  k̂=  280  success=True  evals=14
  σ=0.050  seed=42  k̂=  610  success=True  evals=16
  σ=0.050  seed=43  k̂=  932  success=True  evals=17
  σ=0.050  seed=44  k̂=  238  success=True  evals=13
  σ=0.050  seed=45  k̂= 1000  success=False  evals=17
  σ=0.050  seed=46  k̂=  220  success=True  evals=14
  σ=0.050  seed=47  k̂=  640  success=False  evals=16
  σ=0.050  seed=48  k̂=  240  success=True  evals=14
  σ=0.050  seed=49  k̂=  623  success=True  evals=15
  σ=0.050  seed=50  k̂=  629  success=True  evals=16
  σ=0.050  seed=51  k̂=  280  success=True  evals=14

======================================================================
  Table 4 — Noise Robustness Summary
======================================================================
  σ         k̂ mean±std       Success rate    Evals mean  
  0.000     286±123           100%            17.9±0.3    
  0.010     821±183           90%             17.0±1.0    
  0.020     686±227           80%             16.2±1.4    
  0.050     541±273           80%             15.2±1.3    

  Saved -> results\noise_robustness.json
